<?xml version="1.0" encoding="UTF-8"?>
<!-- Generated by org.testng.reporters.JUnitReportReporter -->
<testsuite hostname="AMIT_PC" failures="0" tests="2" name="com.qa.testcases.ts005.TS005_TC005" time="80.679" errors="0" timestamp="2024-11-09T22:45:12 IST" skipped="0">
  <testcase classname="com.qa.testcases.ts005.TS005_TC005" name="TS005_TC005" time="41.972"/>
  <testcase classname="com.qa.testcases.ts005.TS005_TC005" name="TS005_TC005" time="38.707"/>
</testsuite> <!-- com.qa.testcases.ts005.TS005_TC005 -->
